[2019-12-04T11:13:33.604] [INFO] default - --------------------------- 开始编译 ---------------------------
[2019-12-04T11:13:33.607] [INFO] default - 程序运行目录: D:\work\学习问答
[2019-12-04T11:13:33.607] [INFO] default - 首次启动!
[2019-12-04T11:13:33.607] [INFO] default - 生成版本号: u84mxfwr4hg
[2019-12-04T11:13:33.616] [INFO] default - 清理资源文件夹: D:\work\学习问答\dist\static
[2019-12-04T11:13:33.616] [INFO] default - 文件夹不存在: D:\work\学习问答\dist\static
[2019-12-04T11:13:33.617] [INFO] default - 创建文件夹: D:\work\学习问答\dist\static
[2019-12-04T11:13:33.617] [INFO] default - 读取模板文件: C:\Users\PG\Documents\GitHub\PG\lib\index.html
[2019-12-04T11:13:33.617] [DEBUG] default - 读取网页标题: {TAG_14226_TAG}
[2019-12-04T11:13:33.617] [DEBUG] default - 处理页面源信息: [{"http-equiv":"content-type","content":"text/html; charset=UTF-8"},{"name":"viewport","content":"width=device-width, initial-scale=1.0, maximum-scale=1.0, minimum-scale=1.0, user-scalable=no"},{"name":"format-detection","content":"telephone=no, email=no"},{"name":"apple-mobile-web-app-capable","content":"yes"},{"name":"apple-mobile-web-app-status-bar-style","content":"white"},{"name":"renderer","content":"webkit"},{"http-equiv":"X-UA-Compatible","content":"IE=edge,chrome=1"},{"name":"filetype","content":"1"},{"name":"publishedtype","content":"1"},{"name":"pagetype","content":"2"},{"name":"screen-orientation","content":"landscape"},{"name":"x5-orientation","content":"landscape"},{"name":"full-screen","content":"yes"},{"name":"x5-fullscreen","content":"true"},{"name":"browsermode","content":"application"},{"name":"x5-page-mode","content":"app"}]
[2019-12-04T11:13:33.618] [INFO] default - 开始处理模块: one
[2019-12-04T11:13:33.988] [DEBUG] default - 缓存模板: one./src/page/one.owo
[2019-12-04T11:13:34.032] [DEBUG] default - 发现 keyframes 规则: fade
[2019-12-04T11:13:34.032] [DEBUG] default - 页面one处理用时: 414 毫秒!
[2019-12-04T11:13:34.032] [INFO] default - 开始处理模块: two
[2019-12-04T11:13:34.067] [DEBUG] default - 缓存模板: two./src/page/two.owo
[2019-12-04T11:13:34.075] [DEBUG] default - 页面two处理用时: 43 毫秒!
[2019-12-04T11:13:34.075] [INFO] default - 开始处理模块: logo
[2019-12-04T11:13:34.078] [DEBUG] default - 缓存模板: logo./src/page/logo.owo
[2019-12-04T11:13:34.078] [DEBUG] default - 页面logo处理用时: 3 毫秒!
[2019-12-04T11:13:34.079] [INFO] default - 文件夹不存在: D:/work/学习问答/dist/static/resource
[2019-12-04T11:13:34.079] [INFO] default - 创建文件夹: D:/work/学习问答/dist/static/resource
[2019-12-04T11:13:34.080] [DEBUG] default - 处理资源:  [ 'D:/work/学习问答/src/resource/spot.png',
  'D:/work/学习问答/src/resource/spot-2.png' ]
[2019-12-04T11:13:34.081] [DEBUG] default - 资源目录:  D:/work/学习问答/dist/static/resource
[2019-12-04T11:13:34.082] [DEBUG] default - css中的资源处理完毕!
[2019-12-04T11:13:34.596] [DEBUG] default - 使用postcss处理样式，使用了1个插件!
[2019-12-04T11:13:34.644] [INFO] default - 文件夹不存在: D:\work\学习问答\dist\static\css
[2019-12-04T11:13:34.644] [INFO] default - 创建文件夹: D:\work\学习问答\dist\static\css
[2019-12-04T11:13:34.644] [INFO] default - 开始处理附属css中的资源
[2019-12-04T11:13:34.645] [INFO] default - 附属css中的资源处理完毕!
[2019-12-04T11:13:34.645] [INFO] default - 读取文件: D:\work\学习问答\src\resource\swiper.4.5.0.min.css
[2019-12-04T11:13:34.645] [INFO] default - 附属css中的资源不需要处理!
[2019-12-04T11:13:34.645] [INFO] default - 处理字体: {}
[2019-12-04T11:13:34.650] [INFO] default - 使用postcss处理完毕! 用时: 54 毫秒
[2019-12-04T11:13:34.650] [INFO] default - 正在处理script!
[2019-12-04T11:13:35.308] [INFO] default - 工程中包含多个页面!
[2019-12-04T11:13:35.310] [INFO] default - js中的资源处理完毕!
[2019-12-04T11:13:35.310] [DEBUG] default - 处理引用脚本: [{"name":"jquery1.11.0","src":"http://tools.people.com.cn/libs/jquery/1.11.1/jquery-1.11.1.min.js"},{"name":"swiper.4.5.0","src":"./src/resource/swiper.4.5.0.min.js"},{"name":"main","src":"./src/main.js","resource":true}]
[2019-12-04T11:13:35.310] [DEBUG] default - 外部脚本数量: 3
[2019-12-04T11:13:35.310] [DEBUG] default - 处理脚本: jquery1.11.0
[2019-12-04T11:13:35.310] [DEBUG] default - 网络脚本: jquery1.11.0
[2019-12-04T11:13:35.310] [DEBUG] default - 处理脚本: swiper.4.5.0
[2019-12-04T11:13:35.310] [INFO] default - 读取文件: D:\work\学习问答\src\resource\swiper.4.5.0.min.js
[2019-12-04T11:13:35.311] [DEBUG] default - 处理脚本: main
[2019-12-04T11:13:35.311] [INFO] default - 读取文件: D:\work\学习问答\src\main.js
[2019-12-04T11:13:35.311] [DEBUG] default - 输出scriptData
[2019-12-04T11:13:35.312] [ERROR] default - file does not exist: C:\Users\PG\Documents\GitHub\PG\core\animation\scaleUpCenter&delay400.css
[2019-12-04T11:13:35.312] [DEBUG] default - 准备输出html!
[2019-12-04T11:13:35.313] [DEBUG] default - 处理资源:  [ 'D:/work/学习问答/src/resource/one-4.png',
  'D:/work/学习问答/src/resource/one-2.png',
  'D:/work/学习问答/src/resource/two-1.png',
  'D:/work/学习问答/src/resource/two-2.png',
  'D:/work/学习问答/src/resource/two-3.png',
  'D:/work/学习问答/src/resource/two-4.png',
  'D:/work/学习问答/src/resource/logo.png' ]
[2019-12-04T11:13:35.313] [DEBUG] default - 资源目录:  D:/work/学习问答/dist/static/resource
[2019-12-04T11:13:35.314] [DEBUG] default - 开始美化html
[2019-12-04T11:13:35.329] [INFO] default - 文件夹不存在: D:\work\学习问答\dist\static\js
[2019-12-04T11:13:35.330] [INFO] default - 创建文件夹: D:\work\学习问答\dist\static\js
[2019-12-04T11:13:35.330] [INFO] default - 包含有页面切换动画!
[2019-12-04T11:13:35.330] [INFO] default - 动画列表: scaleDownCenter,scaleUpCenter,delay400,scaleUpCenter&delay400
[2019-12-04T11:13:35.330] [INFO] default - 编译结束!
[2019-12-04T11:13:35.347] [INFO] default - 写入文件: D:\work\学习问答\dist\static\css\owo.main.u84mxfwr4hg.css
[2019-12-04T11:13:35.348] [INFO] default - 主要逻辑文件写出成功!
[2019-12-04T11:13:35.348] [INFO] default - 读取成功: D:\work\学习问答\src\main.css
[2019-12-04T11:13:35.348] [DEBUG] default - 处理资源:  [ 'D:/work/学习问答/src/resource/one-5.png',
  'D:/work/学习问答/src/resource/pc-bg.jpg',
  'D:/work/学习问答/src/resource/two-1-pc.png' ]
[2019-12-04T11:13:35.348] [DEBUG] default - 资源目录:  D:/work/学习问答/dist/static/resource
[2019-12-04T11:13:35.349] [INFO] default - 读取成功: D:\work\学习问答\src\main.js
[2019-12-04T11:13:35.364] [INFO] default - 读取成功: D:\work\学习问答\src\resource\swiper.4.5.0.min.css
[2019-12-04T11:13:35.376] [INFO] default - 写入文件: D:\work\学习问答\dist\static\css\main.css
[2019-12-04T11:13:35.376] [INFO] default - 写入文件: D:\work\学习问答\dist\static\js\main.js
[2019-12-04T11:13:35.388] [INFO] default - 写入文件: D:\work\学习问答\dist\static\css\swiper4.5.0.css
[2019-12-04T11:13:35.393] [INFO] default - 读取成功: D:\work\学习问答\src\resource\swiper.4.5.0.min.js
[2019-12-04T11:13:35.393] [INFO] default - 写入文件: D:\work\学习问答\dist\static\js\swiper.4.5.0.js
